test
inputFileName: /lustre/SCRATCH/atlas/ywng/WorkSpace/r21/r21Rebuild/input/feb2018/trijet_HLT_j380_nbtag2.root
inputHistDir: 
Doing pvalue with systematics? 0!
nPseudoExpBH is 100
nPseudoExpFit is 5
 Hist Name: background_mjj_var
Setting the 4 parameters to    (0) :4.52789e+07   (1) :-0.744893   (2) :143.313   (3) :-223.321
minX, maxX: 300 1200
Actual fit range is 303 - 1200
corresponding to including the bins 11, 47.
Creating UA2 fit function.
paramDefaultsLength = 4
doSwift is 1
*theMjjfitFunction:0x2aa2b00
theHistogram: 0x7fffd2a4b5f0
Collected info on SWIFT bins
Collected info on SWIFT residuals for initial fit
After fit, parameters are     (0):9.45299e+28   (1):-15.3989   (2):398.145   (3):-840.695
on PE 50
on PE 100
initialpval is 0.69
Not excluding any window
permitWindow is 0
Yvonne
error: 
bin 1error: 874.103
bin 2error: 845.895
bin 3error: 819.222
bin 4error: 841.014
bin 5error: 778.453
bin 6error: 822.208
bin 7error: 796.847
bin 8error: 723.042
bin 9error: 722.855
bin 10error: 686.059
bin 11error: 499.253
bin 12error: 545.323
bin 13error: 486.801
bin 14error: 506.293
bin 15error: 458.41
bin 16error: 424.552
bin 17error: 471.788
bin 18error: 376.351
bin 19error: 326.094
bin 20error: 360.864
bin 21error: 326.605
bin 22error: 279.328
bin 23error: 294.768
bin 24error: 236.941
bin 25error: 229.909
bin 26error: 174.579
bin 27error: 193.997
bin 28error: 178.849
bin 29error: 137.882
bin 30error: 95.6214
bin 31error: 126.939
bin 32error: 103.037
bin 33error: 141.965
bin 34error: 66.1152
bin 35error: 71.4293
bin 36error: 49.6143
bin 37error: 67.7375
bin 38error: 49.1295
bin 39error: 26.654
bin 40error: 21.696
bin 41error: 17.6665
bin 42error: 13.7357
bin 43error: 9.48251
bin 44error: 17.8388
bin 45error: 9.76967
bin 46error: 6.78036
bin 47error: 7.70808
bin 48error: 5.62152
bin 49error: 4.29963
bin 50error: 3.37058
bin 51error: 3.17729
bin 52error: 3.34767
bin 53error: 3.03867
bin 54error: 1.77392
bin 55error: 2.1255
bin 56error: 0.829496
bin 57error: 2.26919
bin 58error: 0.914017
bin 59error: 0.480938
bin 60error: 0.640207
bin 61error: 0.478625
bin 62error: 0.323398
bin 63error: 0.446534
bin 64error: 0.304092
bin 65error: 0.244633
bin 66error: 0.283687
bin 67error: 0.411384
bin 68error: 0.158102
bin 69error: 0.107893
bin 70error: 0.0982473
bin 71error: 0.0746743
bin 72error: 0.144764
bin 73error: 0.0613252
bin 74error: 0.0376277
bin 75error: 0.0361543
bin 76error: 0.0403839
bin 77error: 0.0194312
bin 78error: 0.0357215
bin 79error: 0.0214568
bin 80error: 0.0090667
bin 81error: 0.00811107
bin 82error: 0.0103869
bin 83error: 0.00537125
bin 84error: 0.0101963
bin 85error: 0.00267357
bin 86error: 0.006913
bin 87error: 0.0086155
bin 88error: 0.00221929
bin 89error: 0.00219462
bin 90error: 0.0044912
bin 91error: 0.001205
bin 92error: 0.00110805
bin 93error: 0.000221369
bin 94error: 0.000541431
bin 95error: 0.000194749
bin 96error: 5.4816e-05
bin 97error: 0.00170956
bin 98error: 2.78383e-06
bin 99error: 6.42838e-05
bin 100error: 2.80029e-06
bin 101error: 2.10159e-06
bin 102error: 1.2747e-07
bin 103error: 1.05577e-06
bin 104error: 3.47506e-08
bin 105error: 1.40291e-06
bin 106error: 1.69879e-06
bin 107error: 5.59072e-07
bin 108error: 7.77003e-10
bin 109error: 8.8133e-10
bin 110error: 3.15396e-12
bin 111error: 2.33904e-12
bin 112error: 5.05685e-10
bin 113error: 0
bin 114error: 2.23018e-12
bin 115error: 0
bin 116error: 2.63676e-12
bin 117error: 0
bin 118error: 0
bin 119error: 0
bin 120error: 0
bin 121error: 0
bin 122error: 0
bin 123error: 0
bin 124error: 0
bin 125error: 0
bin 126error: 0
bin 127error: 0
bin 128error: 0
bin 129error: 0
bin 130error: 0
bin 131error: 0
bin 132error: 0
bin 133error: 0
bin 134error: 0
bin 135error: 0
bin 136error: 0
bin 137error: 0
bin 138error: 0
bin 139error: 0
bin 140error: 0
bin 141error: 0
bin 142error: 0
bin 143error: 0
bin 144error: 0
bin 145error: 0
bin 146error: 0
bin 147error: 0
bin 148error: 0
bin 149error: 0
bin 150error: 0
bin 151error: 0
bin 152error: 0
bin 153error: 0
bin 154error: 0
bin 155error: 0
bin 156error: 0
bin 157error: 0
bin 158error: 0
bin 159error: 0
bin 160error: 0
Collected info on SWIFT residuals for fit after window exclusion
After fit, parameters are    (0):9.45299e+28   (1):-15.3989   (2):398.145   (3):-840.695
BumpHunter results: stat = 3.79869
Low edge, high edge of bump: 861 917
DeficitHunter results: stat = 3.79869
Low edge, high edge of bump: 861 917
Created +/- 1 sigma histograms
YEdit: residualHist: 0x7fffd2a44270
on PE 50
on PE 100
Absolute values of logl, chi2, BH tests are: 138.163 23.2571 3.79869
NDF is 32
chi2/ndf is 0.726784
Log likelihood for our fit was 138.163
Pval of logL, chi2, and bumpHunter are: 0.89 0.88 0.54
Pval of largest deficit was: 0.87
YEdit: 0x7fffd2a44270
debug residuals 0
YEdit: 0x7fffd2a54f10
YEdit: bins:47
YEdit: residualResults: bin11 content:-0.429937
YEdit: residualResults: bin12 content:1.18966
YEdit: residualResults: bin13 content:-0.676801
YEdit: residualResults: bin14 content:0.844474
YEdit: residualResults: bin15 content:-0.419394
YEdit: residualResults: bin16 content:-0.47438
YEdit: residualResults: bin17 content:0.989988
YEdit: residualResults: bin18 content:-0.165876
YEdit: residualResults: bin19 content:-1.72345
YEdit: residualResults: bin20 content:0.24162
YEdit: residualResults: bin21 content:0.68485
YEdit: residualResults: bin22 content:-0.131809
YEdit: residualResults: bin23 content:2.15999
YEdit: residualResults: bin24 content:-0.97809
YEdit: residualResults: bin25 content:0.00423356
YEdit: residualResults: bin26 content:0.622509
YEdit: residualResults: bin27 content:0.589211
YEdit: residualResults: bin28 content:0
YEdit: residualResults: bin29 content:-0.128617
YEdit: residualResults: bin30 content:-1.4119
YEdit: residualResults: bin31 content:-0.315143
YEdit: residualResults: bin32 content:-0.127091
YEdit: residualResults: bin33 content:0.52697
YEdit: residualResults: bin34 content:0.431451
YEdit: residualResults: bin35 content:-0
YEdit: residualResults: bin36 content:-0.0863605
YEdit: residualResults: bin37 content:1.22563
YEdit: residualResults: bin38 content:1.54879
YEdit: residualResults: bin39 content:0.374494
YEdit: residualResults: bin40 content:0.114553
YEdit: residualResults: bin41 content:-0.0892617
YEdit: residualResults: bin42 content:-0.0421069
YEdit: residualResults: bin43 content:-1.76122
YEdit: residualResults: bin44 content:0.271494
YEdit: residualResults: bin45 content:0.234799
YEdit: residualResults: bin46 content:-0.647392
 FCN=3.96565 FROM MIGRAD    STATUS=CONVERGED      67 CALLS          68 TOTAL
                     EDM=1.06311e-07    STRATEGY= 1      ERROR MATRIX ACCURATE 
  EXT PARAMETER                                   STEP         FIRST   
  NO.   NAME      VALUE            ERROR          SIZE      DERIVATIVE 
   1  Constant     9.66330e+00   2.49203e+00   1.85957e-03   1.12820e-04
   2  Mean         1.34104e-01   1.19736e-01   1.27730e-04  -5.98999e-04
   3  Sigma        6.61670e-01   1.25104e-01   4.10845e-05   1.13647e-02
TH1.Print Name  = residual_histOfVals, Entries= 36, Total sum= 36
 fSumw[0]=0, x=-10.25, error=0
 fSumw[1]=0, x=-9.75, error=0
 fSumw[2]=0, x=-9.25, error=0
 fSumw[3]=0, x=-8.75, error=0
 fSumw[4]=0, x=-8.25, error=0
 fSumw[5]=0, x=-7.75, error=0
 fSumw[6]=0, x=-7.25, error=0
 fSumw[7]=0, x=-6.75, error=0
 fSumw[8]=0, x=-6.25, error=0
 fSumw[9]=0, x=-5.75, error=0
 fSumw[10]=0, x=-5.25, error=0
 fSumw[11]=0, x=-4.75, error=0
 fSumw[12]=0, x=-4.25, error=0
 fSumw[13]=0, x=-3.75, error=0
 fSumw[14]=0, x=-3.25, error=0
 fSumw[15]=0, x=-2.75, error=0
 fSumw[16]=0, x=-2.25, error=0
 fSumw[17]=2, x=-1.75, error=1.41421
 fSumw[18]=1, x=-1.25, error=1
 fSumw[19]=3, x=-0.75, error=1.73205
 fSumw[20]=11, x=-0.25, error=3.31662
 fSumw[21]=9, x=0.25, error=3
 fSumw[22]=6, x=0.75, error=2.44949
 fSumw[23]=2, x=1.25, error=1.41421
 fSumw[24]=1, x=1.75, error=1
 fSumw[25]=1, x=2.25, error=1
 fSumw[26]=0, x=2.75, error=0
 fSumw[27]=0, x=3.25, error=0
 fSumw[28]=0, x=3.75, error=0
 fSumw[29]=0, x=4.25, error=0
 fSumw[30]=0, x=4.75, error=0
 fSumw[31]=0, x=5.25, error=0
 fSumw[32]=0, x=5.75, error=0
 fSumw[33]=0, x=6.25, error=0
 fSumw[34]=0, x=6.75, error=0
 fSumw[35]=0, x=7.25, error=0
 fSumw[36]=0, x=7.75, error=0
 fSumw[37]=0, x=8.25, error=0
 fSumw[38]=0, x=8.75, error=0
 fSumw[39]=0, x=9.25, error=0
 fSumw[40]=0, x=9.75, error=0
 fSumw[41]=0, x=10.25, error=0
YEdit: fittedGauss0x7fffd2a50d70
fittedHists: 0x7fffd2a3fb20
From fit, mean and width are 0.134104 0.66167
Calculating quantities from function itself, mean and RMS are 0.0679414 0.819828

******************************************
*** initial values 
*** BH p-value = 0.69 +/- 0.0462493
*** BH value = 3.79869
*** BH range = 861 - 917
******************************************
*** refined values (after window removal)
*** BH p-value = -1 +/- -1
*** BH value = -1
*** BH range = -1 - -1
******************************************
*** final values 
*** BH p-value = 0.54 +/- 0.0498397
*** BH value = 3.79869
*** BH range = 861 - 917
******************************************

Writing output file results/data2017/DijetISRMC-Trijet2btaggedKateSwiftIssueReproduce-feb2018//SearchResultData_caseD_window12_doSwift.root
yEdit: 0x7fffd2a45620
doing fittedhists
done
Process ran in 24.22 seconds. 
About to call SearchPhase --config submitConfigs/DijetISRMC-Trijet2btaggedKateSwiftIssueReproduce-feb2018/Step1_SearchPhase_caseD_window12_doSwift.config --file /lustre/SCRATCH/atlas/ywng/WorkSpace/r21/r21Rebuild/input/feb2018/trijet_HLT_j380_nbtag2.root --histName background_mjj_var --noDE --outputfile results/data2017/DijetISRMC-Trijet2btaggedKateSwiftIssueReproduce-feb2018//SearchResultData_caseD_window12_doSwift.root 

SearchPhase --config submitConfigs/DijetISRMC-Trijet2btaggedKateSwiftIssueReproduce-feb2018/Step1_SearchPhase_caseD_window12_doSwift.config --file /lustre/SCRATCH/atlas/ywng/WorkSpace/r21/r21Rebuild/input/feb2018/trijet_HLT_j380_nbtag2.root --histName background_mjj_var --noDE --outputfile results/data2017/DijetISRMC-Trijet2btaggedKateSwiftIssueReproduce-feb2018//SearchResultData_caseD_window12_doSwift.root 

