GNU gdb (GDB) Red Hat Enterprise Linux (7.2-92.el6)
Copyright (C) 2010 Free Software Foundation, Inc.
License GPLv3+: GNU GPL version 3 or later <http://gnu.org/licenses/gpl.html>
This is free software: you are free to change and redistribute it.
There is NO WARRANTY, to the extent permitted by law.  Type "show copying"
and "show warranty" for details.
This GDB was configured as "x86_64-redhat-linux-gnu".
For bug reporting instructions, please see:
<http://www.gnu.org/software/gdb/bugs/>...
Reading symbols from /lustre/SCRATCH/atlas/ywng/WorkSpace/r21/r21SwiftNew/r21StatisticalAnalysis/install/InstallArea/x86_64-slc6-gcc62-opt/bin/SearchPhase...Reading symbols from /lustre/SCRATCH/atlas/ywng/WorkSpace/r21/r21SwiftNew/r21StatisticalAnalysis/install/InstallArea/x86_64-slc6-gcc62-opt/bin/SearchPhase.dbg...done.
done.
(gdb) run
Starting program: /lustre/SCRATCH/atlas/ywng/WorkSpace/r21/r21SwiftNew/r21StatisticalAnalysis/install/InstallArea/x86_64-slc6-gcc62-opt/bin/SearchPhase --useScaled --config submitConfigs/DijetISRMC/Step1_SearchPhase_caseD_window13_doSwift.config --file /lustre/SCRATCH/atlas/ywng/WorkSpace/r21/r21Rebuild/input/MC.root --histName dijetgamma_g85_2j65/Zprime_mjj_var --noDE --outputfile results/data2017/DijetISRMC//SearchResultData_caseD_window13_doSwift.root
warning: File "/cvmfs/atlas.cern.ch/repo/sw/software/21.2/sw/lcg/releases/gcc/6.2.0/x86_64-slc6/lib64/libstdc++.so.6.0.22-gdb.py" auto-loading has been declined by your `auto-load safe-path' set to "/usr/share/gdb/auto-load:/usr/lib/debug:/usr/bin/mono-gdb.py".
To enable execution of this file add
	add-auto-load-safe-path /cvmfs/atlas.cern.ch/repo/sw/software/21.2/sw/lcg/releases/gcc/6.2.0/x86_64-slc6/lib64/libstdc++.so.6.0.22-gdb.py
line to your configuration file "/home/ywng/.gdbinit".
To completely disable this security protection add
	set auto-load safe-path /
line to your configuration file "/home/ywng/.gdbinit".
For more information about this security protection see the
"Auto-loading safe path" section in the GDB manual.  E.g., run from the shell:
	info "(gdb)Auto-loading safe path"
[Thread debugging using libthread_db enabled]
test
cannot read config file
******************************************


Program exited with code 01.
Missing separate debuginfos, use: debuginfo-install glibc-2.12-1.209.el6_9.2.x86_64 keyutils-libs-1.4-5.el6.x86_64 krb5-libs-1.10.3-65.el6.x86_64 libcom_err-1.41.12-23.el6.x86_64 libselinux-2.0.94-7.el6.x86_64 nss-softokn-freebl-3.14.3-23.3.el6_8.x86_64 openssl-1.0.1e-57.el6.x86_64 zlib-1.2.3-29.el6.x86_64
(gdb) .q
Undefined command: "".  Try "help".
(gdb) quit
